|--- DecelerationRate <= 5.50
|   |--- Ctr_Param(Ploegh||Spacing) <= 0.35
|   |   |--- DecelerationRate <= 4.50
|   |   |   |--- class: False
|   |   |--- DecelerationRate >  4.50
|   |   |   |--- class: True
|   |--- Ctr_Param(Ploegh||Spacing) >  0.35
|   |   |--- class: False
|--- DecelerationRate >  5.50
|   |--- Ctr_Param(Ploegh||Spacing) <= 0.65
|   |   |--- class: True
|   |--- Ctr_Param(Ploegh||Spacing) >  0.65
|   |   |--- DecelerationRate <= 7.50
|   |   |   |--- class: False
|   |   |--- DecelerationRate >  7.50
|   |   |   |--- Ctr_Param(Ploegh||Spacing) <= 0.85
|   |   |   |   |--- spdLeader <= 75.00
|   |   |   |   |   |--- class: False
|   |   |   |   |--- spdLeader >  75.00
|   |   |   |   |   |--- class: True
|   |   |   |--- Ctr_Param(Ploegh||Spacing) >  0.85
|   |   |   |   |--- class: False
