|--- spdLeader <= -0.91
|   |--- class: True
|--- spdLeader >  -0.91
|   |--- numHumanCars <= -0.93
|   |   |--- class: False
|   |--- numHumanCars >  -0.93
|   |   |--- spdLeader <= 0.97
|   |   |   |--- DENMInterval <= -0.26
|   |   |   |   |--- waitTime <= -0.33
|   |   |   |   |   |--- class: False
|   |   |   |   |--- waitTime >  -0.33
|   |   |   |   |   |--- class: False
|   |   |   |--- DENMInterval >  -0.26
|   |   |   |   |--- waitTime <= -0.07
|   |   |   |   |   |--- class: False
|   |   |   |   |--- waitTime >  -0.07
|   |   |   |   |   |--- numHumanCars <= -0.11
|   |   |   |   |   |   |--- class: False
|   |   |   |   |   |--- numHumanCars >  -0.11
|   |   |   |   |   |   |--- class: True
|   |   |--- spdLeader >  0.97
|   |   |   |--- class: False
