|--- BeaconIntervalHuman <= 0.01
|   |--- numPlatCars <= 11.00
|   |   |--- waitTime <= 0.13
|   |   |   |--- waitTime <= 0.09
|   |   |   |   |--- class: False
|   |   |   |--- waitTime >  0.09
|   |   |   |   |--- class: True
|   |   |--- waitTime >  0.13
|   |   |   |--- class: True
|   |--- numPlatCars >  11.00
|   |   |--- class: True
|--- BeaconIntervalHuman >  0.01
|   |--- numHumanCars <= 200.00
|   |   |--- class: False
|   |--- numHumanCars >  200.00
|   |   |--- numPlatCars <= 11.00
|   |   |   |--- class: False
|   |   |--- numPlatCars >  11.00
|   |   |   |--- numHumanCars <= 450.00
|   |   |   |   |--- class: False
|   |   |   |--- numHumanCars >  450.00
|   |   |   |   |--- class: True
